<?xml version="1.0" encoding="utf-8"?><testsuites name="pytest tests"><testsuite name="pytest" errors="0" failures="1" skipped="0" tests="8" time="6.153" timestamp="2026-07-12T06:30:30.695126+00:00" hostname="agent-env-5f7ddf09-a762-43fa-b6cd-e948fe1dc0b2"><testcase classname="tests.test_feed_seed" name="test_explore_returns_seed_storyteller_posts" time="0.753" /><testcase classname="tests.test_feed_seed" name="test_seed_media_returns_real_image_bytes" time="3.605" /><testcase classname="tests.test_feed_seed" name="test_upload_post_appears_in_feed" time="0.107"><failure message="AssertionError: post create failed 422 {&quot;detail&quot;:[{&quot;type&quot;:&quot;missing&quot;,&quot;loc&quot;:[&quot;body&quot;,&quot;file&quot;],&quot;msg&quot;:&quot;Field required&quot;,&quot;input&quot;:null,&quot;url&quot;:&quot;https://errors.pydantic.dev/2.12/v/missing&quot;}]}&#10;assert 422 in (200, 201)&#10; +  where 422 = &lt;Response [422]&gt;.status_code">backend/tests/test_feed_seed.py:98: in test_upload_post_appears_in_feed
    assert r.status_code in (200, 201), f"post create failed {r.status_code} {r.text[:400]}"
E   AssertionError: post create failed 422 {"detail":[{"type":"missing","loc":["body","file"],"msg":"Field required","input":null,"url":"https://errors.pydantic.dev/2.12/v/missing"}]}
E   assert 422 in (200, 201)
E    +  where 422 = &lt;Response [422]&gt;.status_code</failure></testcase><testcase classname="tests.test_feed_seed" name="test_admin_seed_feed_idempotent" time="0.191" /><testcase classname="tests.test_feed_seed" name="test_admin_seed_feed_forbidden_for_non_admin" time="0.890" /><testcase classname="tests.test_feed_seed" name="test_admin_cleanup_broken" time="0.078" /><testcase classname="tests.test_feed_seed" name="test_public_teaser_no_auth" time="0.089" /><testcase classname="tests.test_feed_seed" name="test_ghost_seed_users_hidden_from_discover_and_search" time="0.332" /></testsuite></testsuites>