<?xml version="1.0" encoding="utf-8"?><testsuites name="pytest tests"><testsuite name="pytest" errors="0" failures="0" skipped="0" tests="8" time="10.220" timestamp="2026-07-16T08:52:51.440584+00:00" hostname="agent-env-5f7ddf09-a762-43fa-b6cd-e948fe1dc0b2"><testcase classname="tests.test_feed_seed" name="test_explore_returns_seed_storyteller_posts" time="0.668" /><testcase classname="tests.test_feed_seed" name="test_seed_media_returns_real_image_bytes" time="3.355" /><testcase classname="tests.test_feed_seed" name="test_upload_post_appears_in_feed" time="4.616" /><testcase classname="tests.test_feed_seed" name="test_admin_seed_feed_idempotent" time="0.223" /><testcase classname="tests.test_feed_seed" name="test_admin_seed_feed_forbidden_for_non_admin" time="0.688" /><testcase classname="tests.test_feed_seed" name="test_admin_cleanup_broken" time="0.126" /><testcase classname="tests.test_feed_seed" name="test_public_teaser_no_auth" time="0.086" /><testcase classname="tests.test_feed_seed" name="test_ghost_seed_users_hidden_from_discover_and_search" time="0.408" /></testsuite></testsuites>