<?xml version="1.0" encoding="utf-8"?><testsuites name="pytest tests"><testsuite name="pytest" errors="0" failures="0" skipped="0" tests="5" time="0.751" timestamp="2026-08-05T23:14:35.965714+00:00" hostname="agent-env-5f7ddf09-a762-43fa-b6cd-e948fe1dc0b2"><testcase classname="tests.test_admin_founders_iter16.TestAdminFounders" name="test_admin_list_codes" time="0.439" /><testcase classname="tests.test_admin_founders_iter16.TestAdminFounders" name="test_admin_list_at_least_one_redeemed" time="0.029" /><testcase classname="tests.test_admin_founders_iter16.TestAdminFounders" name="test_non_admin_forbidden" time="0.086" /><testcase classname="tests.test_admin_founders_iter16.TestVoiceRegression" name="test_voice_intent_navigate_profile" time="0.073" /><testcase classname="tests.test_admin_founders_iter16.TestVoiceRegression" name="test_voice_query_todays_highlights" time="0.074" /></testsuite></testsuites>