<?xml version="1.0" encoding="utf-8"?><testsuites name="pytest tests"><testsuite name="pytest" errors="0" failures="0" skipped="0" tests="6" time="1.057" timestamp="2026-07-17T11:02:27.347566+00:00" hostname="agent-env-5f7ddf09-a762-43fa-b6cd-e948fe1dc0b2"><testcase classname="tests.test_founders_and_teasers" name="test_crossings_has_founder_fields" time="0.690" /><testcase classname="tests.test_founders_and_teasers" name="test_discover_has_founder_fields" time="0.049" /><testcase classname="tests.test_founders_and_teasers" name="test_teasers_requires_auth" time="0.108" /><testcase classname="tests.test_founders_and_teasers" name="test_teasers_authed_returns_list" time="0.050" /><testcase classname="tests.test_founders_and_teasers" name="test_crossings_default_other_is_founder_false" time="0.047" /><testcase classname="tests.test_founders_and_teasers" name="test_crossings_founders_sort_above" time="0.053" /></testsuite></testsuites>