<?xml version="1.0" encoding="utf-8"?><testsuites name="pytest tests"><testsuite name="pytest" errors="0" failures="0" skipped="0" tests="9" time="8.093" timestamp="2026-08-08T04:47:35.512272+00:00" hostname="agent-env-5f7ddf09-a762-43fa-b6cd-e948fe1dc0b2"><testcase classname="tests.test_iter17_voice_post_and_evening_wrap" name="test_voice_intent_voice_post_llm[post about the sunset at fenway park-expected_words0]" time="4.019" /><testcase classname="tests.test_iter17_voice_post_and_evening_wrap" name="test_voice_intent_voice_post_llm[post about my birthday-expected_words1]" time="3.508" /><testcase classname="tests.test_iter17_voice_post_and_evening_wrap" name="test_evening_wrap_admin_ok" time="0.038" /><testcase classname="tests.test_iter17_voice_post_and_evening_wrap" name="test_evening_wrap_non_admin_forbidden" time="0.101" /><testcase classname="tests.test_iter17_voice_post_and_evening_wrap" name="test_evening_wrap_idempotent" time="0.109" /><testcase classname="tests.test_iter17_voice_post_and_evening_wrap" name="test_voice_intent_fastpath_profile_regression" time="0.031" /><testcase classname="tests.test_iter17_voice_post_and_evening_wrap" name="test_voice_query_todays_highlights_regression" time="0.074" /><testcase classname="tests.test_iter17_voice_post_and_evening_wrap" name="test_admin_founders_codes_regression" time="0.034" /><testcase classname="tests.test_iter17_voice_post_and_evening_wrap" name="test_admin_feed_seed_idempotent_regression" time="0.119" /></testsuite></testsuites>