<?xml version="1.0" encoding="utf-8"?><testsuites name="pytest tests"><testsuite name="pytest" errors="0" failures="0" skipped="0" tests="19" time="7.750" timestamp="2026-06-20T07:19:11.347126+00:00" hostname="agent-env-5f7ddf09-a762-43fa-b6cd-e948fe1dc0b2"><testcase classname="tests.test_media_objstore_migration.TestAuth" name="test_login_returns_photo_and_avatar" time="0.359" /><testcase classname="tests.test_media_objstore_migration.TestAuth" name="test_me_returns_photo_and_avatar" time="0.074" /><testcase classname="tests.test_media_objstore_migration.TestProfilePhoto" name="test_upload_returns_media_url" time="3.716" /><testcase classname="tests.test_media_objstore_migration.TestProfilePhoto" name="test_get_media_returns_binary_image" time="0.339" /><testcase classname="tests.test_media_objstore_migration.TestProfilePhoto" name="test_me_reflects_uploaded_photo" time="0.032" /><testcase classname="tests.test_media_objstore_migration.TestUserProfile" name="test_user_profile_is_small_no_base64" time="0.036" /><testcase classname="tests.test_media_objstore_migration.TestPostsFeed" name="test_feed_small_no_base64" time="0.033" /><testcase classname="tests.test_media_objstore_migration.TestPostCreation" name="test_create_post_with_image" time="1.215" /><testcase classname="tests.test_media_objstore_migration.TestGallery" name="test_gallery_upload_returns_media_url" time="1.217" /><testcase classname="tests.test_media_objstore_migration.TestGallery" name="test_cleanup_gallery_photo" time="0.074" /><testcase classname="tests.test_media_objstore_migration.TestRegression" name="test_locations" time="0.030" /><testcase classname="tests.test_media_objstore_migration.TestRegression" name="test_crossings" time="0.034" /><testcase classname="tests.test_media_objstore_migration.TestRegression" name="test_achievements" time="0.035" /><testcase classname="tests.test_media_objstore_migration.TestRegression" name="test_gatherings" time="0.073" /><testcase classname="tests.test_media_objstore_migration.TestRegression" name="test_subscription_status" time="0.074" /><testcase classname="tests.test_media_objstore_migration.TestRegression" name="test_push_register" time="0.077" /><testcase classname="tests.test_media_objstore_migration.TestPublicLegal" name="test_legal_page_html[/privacy]" time="0.117" /><testcase classname="tests.test_media_objstore_migration.TestPublicLegal" name="test_legal_page_html[/terms]" time="0.077" /><testcase classname="tests.test_media_objstore_migration.TestPublicLegal" name="test_legal_page_html[/delete-account]" time="0.086" /></testsuite></testsuites>