<?xml version="1.0" encoding="utf-8"?><testsuites name="pytest tests"><testsuite name="pytest" errors="0" failures="0" skipped="0" tests="22" time="2.658" timestamp="2026-06-16T06:37:08.786132+00:00" hostname="agent-env-5f7ddf09-a762-43fa-b6cd-e948fe1dc0b2"><testcase classname="tests.test_play_store_regression.TestAuth" name="test_login_sets_cookie_and_returns_user" time="0.400" /><testcase classname="tests.test_play_store_regression.TestAuth" name="test_login_invalid_credentials_returns_401" time="0.317" /><testcase classname="tests.test_play_store_regression.TestAuth" name="test_auth_me_with_cookie" time="0.341" /><testcase classname="tests.test_play_store_regression.TestAuth" name="test_auth_me_without_cookie_401" time="0.095" /><testcase classname="tests.test_play_store_regression.TestLocations" name="test_list_locations" time="0.041" /><testcase classname="tests.test_play_store_regression.TestLocations" name="test_create_location_returns_id" time="0.160" /><testcase classname="tests.test_play_store_regression.TestCrossings" name="test_get_crossings" time="0.038" /><testcase classname="tests.test_play_store_regression.TestAchievements" name="test_get_achievements" time="0.034" /><testcase classname="tests.test_play_store_regression.TestGatherings" name="test_get_gatherings" time="0.077" /><testcase classname="tests.test_play_store_regression.TestPremiumStatus" name="test_premium_status_endpoint_alias" time="0.156" /><testcase classname="tests.test_play_store_regression.TestPushRegister" name="test_register_dummy_fcm_token" time="0.153" /><testcase classname="tests.test_play_store_regression.TestPushRegister" name="test_register_rejects_short_token" time="0.078" /><testcase classname="tests.test_play_store_regression.TestPublicLegalPages" name="test_legal_page_html_200[/privacy]" time="0.104" /><testcase classname="tests.test_play_store_regression.TestPublicLegalPages" name="test_legal_page_html_200[/terms]" time="0.112" /><testcase classname="tests.test_play_store_regression.TestPublicLegalPages" name="test_legal_page_html_200[/delete-account]" time="0.087" /><testcase classname="tests.test_play_store_regression.TestPublicLegalPages" name="test_legal_page_html_200[/data-deletion]" time="0.078" /><testcase classname="tests.test_play_store_regression.TestObjectIdSweep" name="test_no_objectid_leak[/api/auth/me]" time="0.034" /><testcase classname="tests.test_play_store_regression.TestObjectIdSweep" name="test_no_objectid_leak[/api/locations]" time="0.039" /><testcase classname="tests.test_play_store_regression.TestObjectIdSweep" name="test_no_objectid_leak[/api/crossings]" time="0.041" /><testcase classname="tests.test_play_store_regression.TestObjectIdSweep" name="test_no_objectid_leak[/api/achievements]" time="0.041" /><testcase classname="tests.test_play_store_regression.TestObjectIdSweep" name="test_no_objectid_leak[/api/gatherings]" time="0.081" /><testcase classname="tests.test_play_store_regression.TestObjectIdSweep" name="test_no_objectid_leak[/api/subscription/status]" time="0.085" /></testsuite></testsuites>