<?xml version="1.0" encoding="utf-8"?><testsuites name="pytest tests"><testsuite name="pytest" errors="0" failures="0" skipped="0" tests="13" time="6.818" timestamp="2026-05-07T17:12:58.459455+00:00" hostname="agent-env-5f7ddf09-a762-43fa-b6cd-e948fe1dc0b2"><testcase classname="tests.test_discover_gallery.TestDiscover" name="test_discover_returns_ranked_candidates" time="0.712" /><testcase classname="tests.test_discover_gallery.TestDiscover" name="test_discover_excludes_self" time="0.045" /><testcase classname="tests.test_discover_gallery.TestDiscover" name="test_discover_requires_auth" time="0.094" /><testcase classname="tests.test_discover_gallery.TestGallery" name="test_get_own_gallery_unlocked" time="0.046" /><testcase classname="tests.test_discover_gallery.TestGallery" name="test_upload_then_get_then_delete" time="4.137" /><testcase classname="tests.test_discover_gallery.TestGallery" name="test_patch_privacy_invalid" time="0.035" /><testcase classname="tests.test_discover_gallery.TestGallery" name="test_privacy_lock_when_not_connected" time="0.544" /><testcase classname="tests.test_discover_gallery.TestGallery" name="test_patch_privacy_valid_values" time="0.245" /><testcase classname="tests.test_discover_gallery.TestRegression" name="test_auth_me" time="0.036" /><testcase classname="tests.test_discover_gallery.TestRegression" name="test_locations" time="0.034" /><testcase classname="tests.test_discover_gallery.TestRegression" name="test_crossings" time="0.039" /><testcase classname="tests.test_discover_gallery.TestRegression" name="test_feed" time="0.730" /><testcase classname="tests.test_discover_gallery.TestRegression" name="test_gatherings" time="0.056" /></testsuite></testsuites>