<?xml version="1.0" encoding="utf-8"?><testsuites name="pytest tests"><testsuite name="pytest" errors="0" failures="0" skipped="0" tests="17" time="2.755" timestamp="2026-04-11T21:59:50.309065+00:00" hostname="agent-env-5f7ddf09-a762-43fa-b6cd-e948fe1dc0b2"><testcase classname="backend.tests.test_gdpr_legal_gps.TestAuthAndCookies" name="test_login_sets_cookie" time="0.463" /><testcase classname="backend.tests.test_gdpr_legal_gps.TestAuthAndCookies" name="test_auth_me_with_cookie" time="0.076" /><testcase classname="backend.tests.test_gdpr_legal_gps.TestLegalPages" name="test_privacy_page_route" time="0.116" /><testcase classname="backend.tests.test_gdpr_legal_gps.TestLegalPages" name="test_terms_page_route" time="0.080" /><testcase classname="backend.tests.test_gdpr_legal_gps.TestGPSFeatures" name="test_gps_ping_creates_location" time="0.042" /><testcase classname="backend.tests.test_gdpr_legal_gps.TestGPSFeatures" name="test_gps_nearby_users" time="0.076" /><testcase classname="backend.tests.test_gdpr_legal_gps.TestGPSFeatures" name="test_gps_history" time="0.076" /><testcase classname="backend.tests.test_gdpr_legal_gps.TestLocationImport" name="test_location_import_endpoint_exists" time="0.042" /><testcase classname="backend.tests.test_gdpr_legal_gps.TestPathCrossings" name="test_add_location_triggers_crossing_detection" time="0.085" /><testcase classname="backend.tests.test_gdpr_legal_gps.TestPathCrossings" name="test_get_crossings" time="0.033" /><testcase classname="backend.tests.test_gdpr_legal_gps.TestGDPRCompliance" name="test_data_export_endpoint" time="0.041" /><testcase classname="backend.tests.test_gdpr_legal_gps.TestGDPRCompliance" name="test_account_deletion_endpoint_exists" time="0.557" /><testcase classname="backend.tests.test_gdpr_legal_gps.TestPremiumFeatures" name="test_who_viewed_me_accessible" time="0.079" /><testcase classname="backend.tests.test_gdpr_legal_gps.TestPremiumFeatures" name="test_premium_status" time="0.076" /><testcase classname="backend.tests.test_gdpr_legal_gps.TestFeedAndPosts" name="test_feed_loads_posts" time="0.034" /><testcase classname="backend.tests.test_gdpr_legal_gps.TestFeedAndPosts" name="test_explore_feed_loads" time="0.700" /><testcase classname="backend.tests.test_gdpr_legal_gps.TestLogout" name="test_logout_clears_cookie" time="0.106" /></testsuite></testsuites>