<?xml version="1.0" encoding="utf-8"?><testsuites name="pytest tests"><testsuite name="pytest" errors="0" failures="0" skipped="0" tests="10" time="6.514" timestamp="2026-04-05T16:43:53.867896+00:00" hostname="agent-env-5f7ddf09-a762-43fa-b6cd-e948fe1dc0b2"><testcase classname="backend.tests.test_premium_features.TestSubscriptionStatus" name="test_premium_user_subscription_status" time="0.466" /><testcase classname="backend.tests.test_premium_features.TestFreeUserSubscriptionStatus" name="test_create_free_user_and_check_status" time="0.429" /><testcase classname="backend.tests.test_premium_features.TestProfileViewTracking" name="test_record_profile_view" time="0.714" /><testcase classname="backend.tests.test_premium_features.TestProfileViewTracking" name="test_self_view_not_recorded" time="0.722" /><testcase classname="backend.tests.test_premium_features.TestProfileViewersEndpoint" name="test_premium_user_can_see_viewers" time="0.728" /><testcase classname="backend.tests.test_premium_features.TestProfileViewersEndpoint" name="test_free_user_cannot_see_viewers" time="0.936" /><testcase classname="backend.tests.test_premium_features.TestProfileViewersEndpoint" name="test_viewers_count_available_to_all" time="0.812" /><testcase classname="backend.tests.test_premium_features.TestProfileViewerFlow" name="test_complete_profile_view_flow" time="0.854" /><testcase classname="backend.tests.test_premium_features.TestConnectionsWithPremiumInfo" name="test_connections_endpoint_works" time="0.391" /><testcase classname="backend.tests.test_premium_features.TestCrossingsWithPremiumInfo" name="test_crossings_endpoint_works" time="0.401" /></testsuite></testsuites>