<?xml version="1.0" encoding="utf-8"?><testsuites name="pytest tests"><testsuite name="pytest" errors="0" failures="0" skipped="0" tests="25" time="10.851" timestamp="2026-03-28T00:46:32.719333+00:00" hostname="agent-env-5f7ddf09-a762-43fa-b6cd-e948fe1dc0b2"><testcase classname="backend.tests.test_hiagain_api.TestHealthAndBasics" name="test_health_endpoint" time="0.273" /><testcase classname="backend.tests.test_hiagain_api.TestHealthAndBasics" name="test_root_endpoint" time="0.074" /><testcase classname="backend.tests.test_hiagain_api.TestAuthentication" name="test_login_with_valid_credentials" time="0.329" /><testcase classname="backend.tests.test_hiagain_api.TestAuthentication" name="test_login_with_invalid_credentials" time="0.323" /><testcase classname="backend.tests.test_hiagain_api.TestAuthentication" name="test_login_with_nonexistent_user" time="0.078" /><testcase classname="backend.tests.test_hiagain_api.TestAuthentication" name="test_register_new_user" time="0.339" /><testcase classname="backend.tests.test_hiagain_api.TestAuthentication" name="test_register_duplicate_email" time="0.095" /><testcase classname="backend.tests.test_hiagain_api.TestAuthenticatedEndpoints" name="test_get_current_user" time="0.378" /><testcase classname="backend.tests.test_hiagain_api.TestAuthenticatedEndpoints" name="test_get_crossings" time="0.411" /><testcase classname="backend.tests.test_hiagain_api.TestAuthenticatedEndpoints" name="test_get_crossing_stats" time="0.391" /><testcase classname="backend.tests.test_hiagain_api.TestAuthenticatedEndpoints" name="test_get_connections" time="0.384" /><testcase classname="backend.tests.test_hiagain_api.TestAuthenticatedEndpoints" name="test_get_locations" time="0.684" /><testcase classname="backend.tests.test_hiagain_api.TestAuthenticatedEndpoints" name="test_get_feed" time="0.413" /><testcase classname="backend.tests.test_hiagain_api.TestAuthenticatedEndpoints" name="test_get_explore_feed" time="1.016" /><testcase classname="backend.tests.test_hiagain_api.TestAuthenticatedEndpoints" name="test_subscription_plans" time="0.421" /><testcase classname="backend.tests.test_hiagain_api.TestAuthenticatedEndpoints" name="test_subscription_status" time="0.379" /><testcase classname="backend.tests.test_hiagain_api.TestAuthenticatedEndpoints" name="test_donation_packages" time="0.372" /><testcase classname="backend.tests.test_hiagain_api.TestLocationCRUD" name="test_add_location" time="0.483" /><testcase classname="backend.tests.test_hiagain_api.TestProfileUpdate" name="test_update_profile_bio" time="0.386" /><testcase classname="backend.tests.test_hiagain_api.TestPostInteractions" name="test_like_post" time="1.070" /><testcase classname="backend.tests.test_hiagain_api.TestPostInteractions" name="test_add_comment" time="1.043" /><testcase classname="backend.tests.test_hiagain_api.TestPostInteractions" name="test_get_comments" time="1.152" /><testcase classname="backend.tests.test_hiagain_api.TestUnauthorizedAccess" name="test_crossings_requires_auth" time="0.078" /><testcase classname="backend.tests.test_hiagain_api.TestUnauthorizedAccess" name="test_feed_requires_auth" time="0.072" /><testcase classname="backend.tests.test_hiagain_api.TestUnauthorizedAccess" name="test_connections_requires_auth" time="0.077" /></testsuite></testsuites>