<?xml version="1.0" encoding="utf-8"?><testsuites name="pytest tests"><testsuite name="pytest" errors="0" failures="0" skipped="0" tests="15" time="5.280" timestamp="2026-04-10T11:31:12.505441+00:00" hostname="agent-env-5f7ddf09-a762-43fa-b6cd-e948fe1dc0b2"><testcase classname="backend.tests.test_auth_cookies.TestAuthCookieFlow" name="test_login_sets_cookie" time="0.417" /><testcase classname="backend.tests.test_auth_cookies.TestAuthCookieFlow" name="test_auth_me_with_cookie" time="0.494" /><testcase classname="backend.tests.test_auth_cookies.TestAuthCookieFlow" name="test_logout_clears_cookie" time="0.505" /><testcase classname="backend.tests.test_auth_cookies.TestAuthCookieFlow" name="test_protected_route_without_auth" time="0.199" /><testcase classname="backend.tests.test_auth_cookies.TestAuthCookieFlow" name="test_backward_compatibility_with_bearer_token" time="0.457" /><testcase classname="backend.tests.test_auth_cookies.TestPasswordResetSecurity" name="test_forgot_password_generates_code" time="0.100" /><testcase classname="backend.tests.test_auth_cookies.TestPasswordResetSecurity" name="test_reset_password_with_valid_code" time="0.387" /><testcase classname="backend.tests.test_auth_cookies.TestPasswordResetSecurity" name="test_reset_password_with_invalid_code" time="0.131" /><testcase classname="backend.tests.test_auth_cookies.TestPasswordResetSecurity" name="test_reset_code_is_cryptographically_random" time="0.196" /><testcase classname="backend.tests.test_auth_cookies.TestPremiumFeatures" name="test_premium_user_subscription_status" time="0.386" /><testcase classname="backend.tests.test_auth_cookies.TestPremiumFeatures" name="test_premium_user_can_access_viewers" time="0.369" /><testcase classname="backend.tests.test_auth_cookies.TestPremiumFeatures" name="test_premium_user_vip_badge" time="0.422" /><testcase classname="backend.tests.test_auth_cookies.TestDashboardAccess" name="test_crossings_endpoint_after_login" time="0.368" /><testcase classname="backend.tests.test_auth_cookies.TestDashboardAccess" name="test_connections_endpoint_after_login" time="0.380" /><testcase classname="backend.tests.test_auth_cookies.TestDashboardAccess" name="test_locations_endpoint_after_login" time="0.413" /></testsuite></testsuites>