<?xml version="1.0" encoding="utf-8"?><testsuites name="pytest tests"><testsuite name="pytest" errors="0" failures="0" skipped="0" tests="15" time="4.905" timestamp="2026-04-09T06:33:44.074046+00:00" hostname="agent-env-5f7ddf09-a762-43fa-b6cd-e948fe1dc0b2"><testcase classname="backend.tests.test_auth_cookies.TestAuthCookieFlow" name="test_login_sets_cookie" time="0.342" /><testcase classname="backend.tests.test_auth_cookies.TestAuthCookieFlow" name="test_auth_me_with_cookie" time="0.355" /><testcase classname="backend.tests.test_auth_cookies.TestAuthCookieFlow" name="test_logout_clears_cookie" time="0.446" /><testcase classname="backend.tests.test_auth_cookies.TestAuthCookieFlow" name="test_protected_route_without_auth" time="0.161" /><testcase classname="backend.tests.test_auth_cookies.TestAuthCookieFlow" name="test_backward_compatibility_with_bearer_token" time="0.436" /><testcase classname="backend.tests.test_auth_cookies.TestPasswordResetSecurity" name="test_forgot_password_generates_code" time="0.090" /><testcase classname="backend.tests.test_auth_cookies.TestPasswordResetSecurity" name="test_reset_password_with_valid_code" time="0.389" /><testcase classname="backend.tests.test_auth_cookies.TestPasswordResetSecurity" name="test_reset_password_with_invalid_code" time="0.099" /><testcase classname="backend.tests.test_auth_cookies.TestPasswordResetSecurity" name="test_reset_code_is_cryptographically_random" time="0.260" /><testcase classname="backend.tests.test_auth_cookies.TestPremiumFeatures" name="test_premium_user_subscription_status" time="0.367" /><testcase classname="backend.tests.test_auth_cookies.TestPremiumFeatures" name="test_premium_user_can_access_viewers" time="0.410" /><testcase classname="backend.tests.test_auth_cookies.TestPremiumFeatures" name="test_premium_user_vip_badge" time="0.401" /><testcase classname="backend.tests.test_auth_cookies.TestDashboardAccess" name="test_crossings_endpoint_after_login" time="0.349" /><testcase classname="backend.tests.test_auth_cookies.TestDashboardAccess" name="test_connections_endpoint_after_login" time="0.353" /><testcase classname="backend.tests.test_auth_cookies.TestDashboardAccess" name="test_locations_endpoint_after_login" time="0.391" /></testsuite></testsuites>