<?xml version="1.0" encoding="utf-8"?><testsuites name="pytest tests"><testsuite name="pytest" errors="0" failures="0" skipped="0" tests="17" time="12.945" timestamp="2026-08-05T18:52:57.494351+00:00" hostname="agent-env-5f7ddf09-a762-43fa-b6cd-e948fe1dc0b2"><testcase classname="tests.test_voice_assistant" name="test_voice_intent_fastpath[go to my profile-navigate-/profile]" time="0.659" /><testcase classname="tests.test_voice_assistant" name="test_voice_intent_fastpath[show me my missed crossings-navigate-/crossings]" time="0.260" /><testcase classname="tests.test_voice_assistant" name="test_voice_intent_fastpath[what are todays highlights-query-todays_highlights]" time="0.040" /><testcase classname="tests.test_voice_assistant" name="test_voice_intent_fastpath[show me reels-query-my_reels]" time="0.042" /><testcase classname="tests.test_voice_assistant" name="test_voice_intent_fastpath[take me to gatherings-navigate-/gatherings]" time="0.039" /><testcase classname="tests.test_voice_assistant" name="test_voice_intent_fastpath[log me out-action-logout]" time="4.389" /><testcase classname="tests.test_voice_assistant" name="test_voice_intent_fastpath[turn on ghost mode-action-ghost_on]" time="2.878" /><testcase classname="tests.test_voice_assistant" name="test_voice_intent_smalltalk_uses_first_name" time="0.121" /><testcase classname="tests.test_voice_assistant" name="test_voice_intent_llm_fallback" time="3.944" /><testcase classname="tests.test_voice_assistant" name="test_voice_intent_empty_transcript" time="0.042" /><testcase classname="tests.test_voice_assistant" name="test_voice_intent_requires_auth" time="0.119" /><testcase classname="tests.test_voice_assistant" name="test_voice_query_todays_highlights" time="0.043" /><testcase classname="tests.test_voice_assistant" name="test_voice_query_recent_crossings" time="0.084" /><testcase classname="tests.test_voice_assistant" name="test_voice_query_my_founder_number" time="0.044" /><testcase classname="tests.test_voice_assistant" name="test_voice_query_founder_count" time="0.047" /><testcase classname="tests.test_voice_assistant" name="test_voice_query_my_stats" time="0.084" /><testcase classname="tests.test_voice_assistant" name="test_voice_query_nonexistent" time="0.041" /></testsuite></testsuites>